  piano.cpp
c:\users\mehra\documents\visual studio 2015\projects\labs\piano\piano.cpp(24): warning C4551: function call missing argument list
c:\users\mehra\documents\visual studio 2015\projects\labs\piano\piano.cpp(30): warning C4244: 'argument': conversion from 'double' to 'DWORD', possible loss of data
c:\users\mehra\documents\visual studio 2015\projects\labs\piano\piano.cpp(36): warning C4244: 'argument': conversion from 'double' to 'DWORD', possible loss of data
c:\users\mehra\documents\visual studio 2015\projects\labs\piano\piano.cpp(41): warning C4244: 'argument': conversion from 'double' to 'DWORD', possible loss of data
c:\users\mehra\documents\visual studio 2015\projects\labs\piano\piano.cpp(47): warning C4244: 'argument': conversion from 'double' to 'DWORD', possible loss of data
c:\users\mehra\documents\visual studio 2015\projects\labs\piano\piano.cpp(53): warning C4244: 'argument': conversion from 'double' to 'DWORD', possible loss of data
c:\users\mehra\documents\visual studio 2015\projects\labs\piano\piano.cpp(61): warning C4244: 'argument': conversion from 'double' to 'DWORD', possible loss of data
c:\users\mehra\documents\visual studio 2015\projects\labs\piano\piano.cpp(66): warning C4244: 'argument': conversion from 'double' to 'DWORD', possible loss of data
c:\users\mehra\documents\visual studio 2015\projects\labs\piano\piano.cpp(72): warning C4244: 'argument': conversion from 'double' to 'DWORD', possible loss of data
c:\users\mehra\documents\visual studio 2015\projects\labs\piano\piano.cpp(78): warning C4244: 'argument': conversion from 'double' to 'DWORD', possible loss of data
c:\users\mehra\documents\visual studio 2015\projects\labs\piano\piano.cpp(10): warning C4101: 'counter': unreferenced local variable
c:\users\mehra\documents\visual studio 2015\projects\labs\piano\piano.cpp(9): warning C4101: 'e': unreferenced local variable
c:\users\mehra\documents\visual studio 2015\projects\labs\piano\piano.cpp(9): warning C4101: 'b': unreferenced local variable
c:\users\mehra\documents\visual studio 2015\projects\labs\piano\piano.cpp(9): warning C4101: 'f': unreferenced local variable
c:\users\mehra\documents\visual studio 2015\projects\labs\piano\piano.cpp(10): warning C4101: 'x': unreferenced local variable
c:\users\mehra\documents\visual studio 2015\projects\labs\piano\piano.cpp(9): warning C4101: 'c': unreferenced local variable
c:\users\mehra\documents\visual studio 2015\projects\labs\piano\piano.cpp(9): warning C4101: 'g': unreferenced local variable
c:\users\mehra\documents\visual studio 2015\projects\labs\piano\piano.cpp(9): warning C4101: 'd': unreferenced local variable
  Piano.vcxproj -> C:\Users\mehra\Documents\Visual Studio 2015\Projects\Labs\Debug\Piano.exe
  Piano.vcxproj -> C:\Users\mehra\Documents\Visual Studio 2015\Projects\Labs\Debug\Piano.pdb (Partial PDB)
